0 info it worked if it ends with ok
1 verbose cli [ '/usr/local/bin/node',
1 verbose cli   '/usr/local/bin/npm',
1 verbose cli   'uninstall',
1 verbose cli   'git',
1 verbose cli   '-g' ]
2 info using npm@3.3.12
3 info using node@v5.2.0
4 silly loadCurrentTree Starting
5 silly install loadCurrentTree
6 silly install readGlobalPackageData
7 silly install normalizeTree
8 silly loadCurrentTree Finishing
9 silly loadIdealTree Starting
10 silly install loadIdealTree
11 silly cloneCurrentTree Starting
12 silly install cloneCurrentTreeToIdealTree
13 silly cloneCurrentTree Finishing
14 silly loadShrinkwrap Starting
15 silly install loadShrinkwrap
16 silly loadShrinkwrap Finishing
17 silly loadAllDepsIntoIdealTree Starting
18 silly uninstall loadAllDepsIntoIdealtree
19 silly loadAllDepsIntoIdealTree Finishing
20 silly idealTree:prePrune lib
21 silly loadIdealTree Finishing
22 silly currentTree lib
22 silly currentTree └─┬ git@0.1.5
22 silly currentTree   └── mime@1.2.9
23 silly idealTree lib
24 silly generateActionsToTake Starting
25 silly install generateActionsToTake
26 warn checkPermissions Missing write access to /usr/local/lib/node_modules/git/node_modules/mime
27 warn checkPermissions Missing write access to /usr/local/lib/node_modules/git
28 warn checkPermissions Missing write access to /usr/local/lib/node_modules/git/node_modules
29 silly rollbackFailedOptional Starting
30 silly rollbackFailedOptional Finishing
31 silly runTopLevelLifecycles Starting
32 silly runTopLevelLifecycles Finishing
33 silly install printInstalled
34 verbose stack Error: EACCES: permission denied, access '/usr/local/lib/node_modules/git/node_modules/mime'
34 verbose stack     at Error (native)
35 verbose cwd /Users/Roti/Documents/Web-dev/Custom Restaurant Template 1
36 error Darwin 14.5.0
37 error argv "/usr/local/bin/node" "/usr/local/bin/npm" "uninstall" "git" "-g"
38 error node v5.2.0
39 error npm  v3.3.12
40 error path /usr/local/lib/node_modules/git/node_modules/mime
41 error code EACCES
42 error errno -13
43 error syscall access
44 error Error: EACCES: permission denied, access '/usr/local/lib/node_modules/git/node_modules/mime'
44 error     at Error (native)
44 error  { [Error: EACCES: permission denied, access '/usr/local/lib/node_modules/git/node_modules/mime']
44 error   errno: -13,
44 error   code: 'EACCES',
44 error   syscall: 'access',
44 error   path: '/usr/local/lib/node_modules/git/node_modules/mime' }
45 error Please try running this command again as root/Administrator.
46 verbose exit [ -13, true ]
